<?xml version="1.0" encoding="UTF-8"?>
<!-- Generated by org.testng.reporters.JUnitReportReporter -->
<testsuite hostname="leon" name="kabal_art.selenium1.TestEmailFirefox" tests="1" failures="0" timestamp="12 Jul 2016 20:28:06 GMT" time="31.813" errors="0">
  <testcase name="Test" time="31.813" classname="kabal_art.selenium1.TestEmailFirefox"/>
</testsuite> <!-- kabal_art.selenium1.TestEmailFirefox -->
