<?xml version="1.0" encoding="UTF-8"?>
<!-- Generated by org.testng.reporters.JUnitReportReporter -->
<testsuite hostname="leon" name="kabal_art.selenium1.TestEmailSingletonFactory" tests="1" failures="0" timestamp="12 Jul 2016 20:27:23 GMT" time="25.454" errors="0">
  <testcase name="Test" time="25.454" classname="kabal_art.selenium1.TestEmailSingletonFactory"/>
</testsuite> <!-- kabal_art.selenium1.TestEmailSingletonFactory -->
